<?xml version="1.0" encoding="UTF-8" ?><testsuite errors="0" name="jasmine.specs" tests="1" failures="0" skipped="0" hostname="localhost" time="0.0" timestamp="2015-11-03T16:24:56"><testcase classname="jasmine" name="The quickstart object adds two numbers" time="0.0" failure="false"/></testsuite>